c:\users\student\documents\3d\2022_1114_3d\debug\vc140.pdb
c:\users\student\documents\3d\2022_1114_3d\debug\vc140.idb
c:\users\student\documents\3d\2022_1114_3d\debug\billboard.obj
c:\users\student\documents\3d\2022_1114_3d\debug\camera.obj
c:\users\student\documents\3d\2022_1114_3d\debug\input.obj
c:\users\student\documents\3d\2022_1114_3d\debug\light.obj
c:\users\student\documents\3d\2022_1114_3d\debug\main.obj
c:\users\student\documents\3d\2022_1114_3d\debug\model.obj
c:\users\student\documents\3d\2022_1114_3d\debug\player.obj
c:\users\student\documents\3d\2022_1114_3d\debug\polygon.obj
c:\users\student\documents\3d\2022_1114_3d\debug\shadow.obj
c:\users\student\documents\3d\2022_1114_3d\debug\wall.obj
c:\users\student\documents\3d\2022_1114_3d_bullet\debug\vc140.pdb
c:\users\student\documents\3d\2022_1114_3d_bullet\debug\vc140.idb
c:\users\student\documents\3d\2022_1114_3d_bullet\debug\billboard.obj
c:\users\student\documents\3d\2022_1114_3d_bullet\debug\bullet.obj
c:\users\student\documents\3d\2022_1114_3d_bullet\debug\camera.obj
c:\users\student\documents\3d\2022_1114_3d_bullet\debug\input.obj
c:\users\student\documents\3d\2022_1114_3d_bullet\debug\light.obj
c:\users\student\documents\3d\2022_1114_3d_bullet\debug\main.obj
c:\users\student\documents\3d\2022_1114_3d_bullet\debug\model.obj
c:\users\student\documents\3d\2022_1114_3d_bullet\debug\player.obj
c:\users\student\documents\3d\2022_1114_3d_bullet\debug\polygon.obj
c:\users\student\documents\3d\2022_1114_3d_bullet\debug\shadow.obj
c:\users\student\documents\3d\2022_1114_3d_bullet\debug\wall.obj
c:\users\student\documents\3d\2022_1114_3d_bullet\debug\explosion.obj
c:\users\student\documents\3d\2022_1115_3d_effect\debug\vc140.pdb
c:\users\student\documents\3d\2022_1115_3d_effect\debug\vc140.idb
c:\users\student\documents\3d\2022_1115_3d_effect\debug\billboard.obj
c:\users\student\documents\3d\2022_1115_3d_effect\debug\bullet.obj
c:\users\student\documents\3d\2022_1115_3d_effect\debug\camera.obj
c:\users\student\documents\3d\2022_1115_3d_effect\debug\effect.obj
c:\users\student\documents\3d\2022_1115_3d_effect\debug\explosion.obj
c:\users\student\documents\3d\2022_1115_3d_effect\debug\input.obj
c:\users\student\documents\3d\2022_1115_3d_effect\debug\light.obj
c:\users\student\documents\3d\2022_1115_3d_effect\debug\main.obj
c:\users\student\documents\3d\2022_1115_3d_effect\debug\model.obj
c:\users\student\documents\3d\2022_1115_3d_effect\debug\player.obj
c:\users\student\documents\3d\2022_1115_3d_effect\debug\polygon.obj
c:\users\student\documents\3d\2022_1115_3d_effect\debug\shadow.obj
c:\users\student\documents\3d\2022_1115_3d_effect\debug\wall.obj
c:\users\student\documents\3d\2022_1115_3d_effect\debug\particle.obj
c:\users\student\documents\3d\2022_1115_3d_親子関係\debug\vc140.pdb
c:\users\student\documents\3d\2022_1115_3d_親子関係\debug\vc140.idb
c:\users\student\documents\3d\2022_1115_3d_親子関係\debug\billboard.obj
c:\users\student\documents\3d\2022_1115_3d_親子関係\debug\bullet.obj
c:\users\student\documents\3d\2022_1115_3d_親子関係\debug\camera.obj
c:\users\student\documents\3d\2022_1115_3d_親子関係\debug\effect.obj
c:\users\student\documents\3d\2022_1115_3d_親子関係\debug\explosion.obj
c:\users\student\documents\3d\2022_1115_3d_親子関係\debug\input.obj
c:\users\student\documents\3d\2022_1115_3d_親子関係\debug\light.obj
c:\users\student\documents\3d\2022_1115_3d_親子関係\debug\main.obj
c:\users\student\documents\3d\2022_1115_3d_親子関係\debug\model.obj
c:\users\student\documents\3d\2022_1115_3d_親子関係\debug\particle.obj
c:\users\student\documents\3d\2022_1115_3d_親子関係\debug\player.obj
c:\users\student\documents\3d\2022_1115_3d_親子関係\debug\polygon.obj
c:\users\student\documents\3d\2022_1115_3d_親子関係\debug\shadow.obj
c:\users\student\documents\3d\2022_1115_3d_親子関係\debug\wall.obj
c:\users\student\documents\3d\2022_1115_3d_追従カメラ\debug\vc140.pdb
c:\users\student\documents\3d\2022_1115_3d_追従カメラ\debug\vc140.idb
c:\users\student\documents\3d\2022_1115_3d_追従カメラ\debug\billboard.obj
c:\users\student\documents\3d\2022_1115_3d_追従カメラ\debug\bullet.obj
c:\users\student\documents\3d\2022_1115_3d_追従カメラ\debug\camera.obj
c:\users\student\documents\3d\2022_1115_3d_追従カメラ\debug\effect.obj
c:\users\student\documents\3d\2022_1115_3d_追従カメラ\debug\explosion.obj
c:\users\student\documents\3d\2022_1115_3d_追従カメラ\debug\input.obj
c:\users\student\documents\3d\2022_1115_3d_追従カメラ\debug\light.obj
c:\users\student\documents\3d\2022_1115_3d_追従カメラ\debug\main.obj
c:\users\student\documents\3d\2022_1115_3d_追従カメラ\debug\model.obj
c:\users\student\documents\3d\2022_1115_3d_追従カメラ\debug\particle.obj
c:\users\student\documents\3d\2022_1115_3d_追従カメラ\debug\player.obj
c:\users\student\documents\3d\2022_1115_3d_追従カメラ\debug\polygon.obj
c:\users\student\documents\3d\2022_1115_3d_追従カメラ\debug\shadow.obj
c:\users\student\documents\3d\2022_1115_3d_追従カメラ\debug\wall.obj
c:\users\student\documents\3d\2022_1118_3d_向き補正\debug\vc140.pdb
c:\users\student\documents\3d\2022_1118_3d_向き補正\debug\vc140.idb
c:\users\student\documents\3d\2022_1118_3d_向き補正\debug\billboard.obj
c:\users\student\documents\3d\2022_1118_3d_向き補正\debug\bullet.obj
c:\users\student\documents\3d\2022_1118_3d_向き補正\debug\camera.obj
c:\users\student\documents\3d\2022_1118_3d_向き補正\debug\effect.obj
c:\users\student\documents\3d\2022_1118_3d_向き補正\debug\explosion.obj
c:\users\student\documents\3d\2022_1118_3d_向き補正\debug\input.obj
c:\users\student\documents\3d\2022_1118_3d_向き補正\debug\light.obj
c:\users\student\documents\3d\2022_1118_3d_向き補正\debug\main.obj
c:\users\student\documents\3d\2022_1118_3d_向き補正\debug\model.obj
c:\users\student\documents\3d\2022_1118_3d_向き補正\debug\particle.obj
c:\users\student\documents\3d\2022_1118_3d_向き補正\debug\player.obj
c:\users\student\documents\3d\2022_1118_3d_向き補正\debug\polygon.obj
c:\users\student\documents\3d\2022_1118_3d_向き補正\debug\shadow.obj
c:\users\student\documents\3d\2022_1118_3d_向き補正\debug\wall.obj
c:\users\student\documents\3d\2022_1118_3d_向き補正\debug\debugproc.obj
c:\users\student\documents\3d\2022_1119_3d_外部ファイル\debug\vc140.pdb
c:\users\student\documents\3d\2022_1119_3d_外部ファイル\debug\vc140.idb
c:\users\student\documents\3d\2022_1119_3d_外部ファイル\debug\billboard.obj
c:\users\student\documents\3d\2022_1119_3d_外部ファイル\debug\bullet.obj
c:\users\student\documents\3d\2022_1119_3d_外部ファイル\debug\camera.obj
c:\users\student\documents\3d\2022_1119_3d_外部ファイル\debug\debugproc.obj
c:\users\student\documents\3d\2022_1119_3d_外部ファイル\debug\effect.obj
c:\users\student\documents\3d\2022_1119_3d_外部ファイル\debug\explosion.obj
c:\users\student\documents\3d\2022_1119_3d_外部ファイル\debug\input.obj
c:\users\student\documents\3d\2022_1119_3d_外部ファイル\debug\light.obj
c:\users\student\documents\3d\2022_1119_3d_外部ファイル\debug\model.obj
c:\users\student\documents\3d\2022_1119_3d_外部ファイル\debug\particle.obj
c:\users\student\documents\3d\2022_1119_3d_外部ファイル\debug\player.obj
c:\users\student\documents\3d\2022_1119_3d_外部ファイル\debug\polygon.obj
c:\users\student\documents\3d\2022_1119_3d_外部ファイル\debug\shadow.obj
c:\users\student\documents\3d\2022_1119_3d_外部ファイル\debug\wall.obj
c:\users\student\documents\3d\2022_1119_3d_外部ファイル\debug\main.obj
c:\users\student\documents\3d\2022_1120_3d_モーション追加\debug\vc140.pdb
c:\users\student\documents\3d\2022_1120_3d_モーション追加\debug\vc140.idb
c:\users\student\documents\3d\2022_1120_3d_モーション追加\debug\billboard.obj
c:\users\student\documents\3d\2022_1120_3d_モーション追加\debug\bullet.obj
c:\users\student\documents\3d\2022_1120_3d_モーション追加\debug\camera.obj
c:\users\student\documents\3d\2022_1120_3d_モーション追加\debug\debugproc.obj
c:\users\student\documents\3d\2022_1120_3d_モーション追加\debug\effect.obj
c:\users\student\documents\3d\2022_1120_3d_モーション追加\debug\explosion.obj
c:\users\student\documents\3d\2022_1120_3d_モーション追加\debug\input.obj
c:\users\student\documents\3d\2022_1120_3d_モーション追加\debug\light.obj
c:\users\student\documents\3d\2022_1120_3d_モーション追加\debug\main.obj
c:\users\student\documents\3d\2022_1120_3d_モーション追加\debug\model.obj
c:\users\student\documents\3d\2022_1120_3d_モーション追加\debug\particle.obj
c:\users\student\documents\3d\2022_1120_3d_モーション追加\debug\polygon.obj
c:\users\student\documents\3d\2022_1120_3d_モーション追加\debug\shadow.obj
c:\users\student\documents\3d\2022_1120_3d_モーション追加\debug\wall.obj
c:\users\student\documents\3d\2022_1120_3d_モーション追加\debug\player.obj
c:\users\student\documents\3d\2022_1120_3d_五大モーション\debug\vc140.pdb
c:\users\student\documents\3d\2022_1120_3d_五大モーション\debug\vc140.idb
c:\users\student\documents\3d\2022_1120_3d_五大モーション\debug\billboard.obj
c:\users\student\documents\3d\2022_1120_3d_五大モーション\debug\bullet.obj
c:\users\student\documents\3d\2022_1120_3d_五大モーション\debug\camera.obj
c:\users\student\documents\3d\2022_1120_3d_五大モーション\debug\debugproc.obj
c:\users\student\documents\3d\2022_1120_3d_五大モーション\debug\effect.obj
c:\users\student\documents\3d\2022_1120_3d_五大モーション\debug\explosion.obj
c:\users\student\documents\3d\2022_1120_3d_五大モーション\debug\input.obj
c:\users\student\documents\3d\2022_1120_3d_五大モーション\debug\light.obj
c:\users\student\documents\3d\2022_1120_3d_五大モーション\debug\main.obj
c:\users\student\documents\3d\2022_1120_3d_五大モーション\debug\model.obj
c:\users\student\documents\3d\2022_1120_3d_五大モーション\debug\particle.obj
c:\users\student\documents\3d\2022_1120_3d_五大モーション\debug\player.obj
c:\users\student\documents\3d\2022_1120_3d_五大モーション\debug\polygon.obj
c:\users\student\documents\3d\2022_1120_3d_五大モーション\debug\shadow.obj
c:\users\student\documents\3d\2022_1120_3d_五大モーション\debug\wall.obj
c:\users\student\documents\3d\2022_1121_3d_メッシュ\debug\vc140.pdb
c:\users\student\documents\3d\2022_1121_001_3d_インデックスバッファ\debug\vc140.pdb
c:\users\student\documents\3d\2022_1121_001_3d_インデックスバッファ\debug\vc140.idb
c:\users\student\documents\3d\2022_1121_001_3d_インデックスバッファ\debug\billboard.obj
c:\users\student\documents\3d\2022_1121_001_3d_インデックスバッファ\debug\bullet.obj
c:\users\student\documents\3d\2022_1121_001_3d_インデックスバッファ\debug\camera.obj
c:\users\student\documents\3d\2022_1121_001_3d_インデックスバッファ\debug\debugproc.obj
c:\users\student\documents\3d\2022_1121_001_3d_インデックスバッファ\debug\effect.obj
c:\users\student\documents\3d\2022_1121_001_3d_インデックスバッファ\debug\explosion.obj
c:\users\student\documents\3d\2022_1121_001_3d_インデックスバッファ\debug\input.obj
c:\users\student\documents\3d\2022_1121_001_3d_インデックスバッファ\debug\light.obj
c:\users\student\documents\3d\2022_1121_001_3d_インデックスバッファ\debug\main.obj
c:\users\student\documents\3d\2022_1121_001_3d_インデックスバッファ\debug\meshfield.obj
c:\users\student\documents\3d\2022_1121_001_3d_インデックスバッファ\debug\model.obj
c:\users\student\documents\3d\2022_1121_001_3d_インデックスバッファ\debug\particle.obj
c:\users\student\documents\3d\2022_1121_001_3d_インデックスバッファ\debug\player.obj
c:\users\student\documents\3d\2022_1121_001_3d_インデックスバッファ\debug\polygon.obj
c:\users\student\documents\3d\2022_1121_001_3d_インデックスバッファ\debug\shadow.obj
c:\users\student\documents\3d\2022_1121_001_3d_インデックスバッファ\debug\wall.obj
c:\users\student\documents\3d\2022_1114_3d\debug\project_2022_1114_3d.ilk
c:\users\student\documents\3d\2022_1114_3d\debug\project_2022_1114_3d.exe
c:\users\student\documents\3d\2022_1114_3d\debug\project_2022_1114_3d.pdb
c:\users\student\documents\3d\2022_1114_3d_bullet\debug\project_2022_1114_3d.ilk
c:\users\student\documents\3d\2022_1114_3d_bullet\debug\project_2022_1114_3d.exe
c:\users\student\documents\3d\2022_1114_3d_bullet\debug\project_2022_1114_3d.pdb
c:\users\student\documents\3d\2022_1115_3d_effect\debug\project_2022_1114_3d.ilk
c:\users\student\documents\3d\2022_1115_3d_effect\debug\project_2022_1114_3d.exe
c:\users\student\documents\3d\2022_1115_3d_effect\debug\project_2022_1114_3d.pdb
c:\users\student\documents\3d\2022_1115_3d_親子関係\debug\project_2022_1114_3d.ilk
c:\users\student\documents\3d\2022_1115_3d_親子関係\debug\project_2022_1114_3d.exe
c:\users\student\documents\3d\2022_1115_3d_親子関係\debug\project_2022_1114_3d.pdb
c:\users\student\documents\3d\2022_1115_3d_追従カメラ\debug\project_2022_1114_3d.ilk
c:\users\student\documents\3d\2022_1115_3d_追従カメラ\debug\project_2022_1114_3d.exe
c:\users\student\documents\3d\2022_1115_3d_追従カメラ\debug\project_2022_1114_3d.pdb
c:\users\student\documents\3d\2022_1118_3d_向き補正\debug\project_2022_1114_3d.ilk
c:\users\student\documents\3d\2022_1118_3d_向き補正\debug\project_2022_1114_3d.exe
c:\users\student\documents\3d\2022_1118_3d_向き補正\debug\project_2022_1114_3d.pdb
c:\users\student\documents\3d\2022_1119_3d_外部ファイル\debug\project_2022_1114_3d.ilk
c:\users\student\documents\3d\2022_1119_3d_外部ファイル\debug\project_2022_1114_3d.exe
c:\users\student\documents\3d\2022_1119_3d_外部ファイル\debug\project_2022_1114_3d.pdb
c:\users\student\documents\3d\2022_1120_3d_モーション追加\debug\project_2022_1114_3d.ilk
c:\users\student\documents\3d\2022_1120_3d_モーション追加\debug\project_2022_1114_3d.exe
c:\users\student\documents\3d\2022_1120_3d_モーション追加\debug\project_2022_1114_3d.pdb
c:\users\student\documents\3d\2022_1120_3d_五大モーション\debug\project_2022_1114_3d.ilk
c:\users\student\documents\3d\2022_1120_3d_五大モーション\debug\project_2022_1114_3d.exe
c:\users\student\documents\3d\2022_1120_3d_五大モーション\debug\project_2022_1114_3d.pdb
c:\users\student\documents\3d\2022_1121_3d_メッシュ\debug\project_2022_1114_3d.ilk
c:\users\student\documents\3d\2022_1121_3d_メッシュ\debug\project_2022_1114_3d.exe
c:\users\student\documents\3d\2022_1121_3d_メッシュ\debug\project_2022_1114_3d.pdb
c:\users\student\documents\3d\2022_1121_001_3d_インデックスバッファ\debug\project_2022_1114_3d.ilk
c:\users\student\documents\3d\2022_1121_001_3d_インデックスバッファ\debug\project_2022_1114_3d.exe
c:\users\student\documents\3d\2022_1121_001_3d_インデックスバッファ\debug\project_2022_1114_3d.pdb
c:\users\student\documents\3d\2022_1121_001_3d_インデックスバッファ\debug\player.obj.enc
c:\users\student\documents\3d\2022_1121_001_3d_インデックスバッファ\debug\project_.7f6f432f.tlog\cl.command.1.tlog
c:\users\student\documents\3d\2022_1121_001_3d_インデックスバッファ\debug\project_.7f6f432f.tlog\cl.read.1.tlog
c:\users\student\documents\3d\2022_1121_001_3d_インデックスバッファ\debug\project_.7f6f432f.tlog\cl.write.1.tlog
c:\users\student\documents\3d\2022_1121_001_3d_インデックスバッファ\debug\project_.7f6f432f.tlog\link.command.1.tlog
c:\users\student\documents\3d\2022_1121_001_3d_インデックスバッファ\debug\project_.7f6f432f.tlog\link.read.1.tlog
c:\users\student\documents\3d\2022_1121_001_3d_インデックスバッファ\debug\project_.7f6f432f.tlog\link.write.1.tlog
